app/build/outputs/logs/manifest-merger-H5-debug-report.txt
-- Merging decision tree log ---
manifest
ADDED from src/main/AndroidManifest.xml:2:1-739:12
	package
		ADDED from src/main/AndroidManifest.xml:2:11-38
		INJECTED from src/main/AndroidManifest.xml
		INJECTED from src/main/AndroidManifest.xml
	android:versionName
		INJECTED from src/main/AndroidManifest.xml
		INJECTED from src/main/AndroidManifest.xml
	xmlns:android
		ADDED from src/main/AndroidManifest.xml:3:11-69
	android:versionCode
		INJECTED from src/main/AndroidManifest.xml
		INJECTED from src/main/AndroidManifest.xml
uses-permission#android.permission.VIBRATE
ADDED from src/main/AndroidManifest.xml:5:5-65
	android:name
		ADDED from src/main/AndroidManifest.xml:5:22-63
uses-permission#android.permission.INTERNET
ADDED from src/main/AndroidManifest.xml:6:5-66
	android:name
		ADDED from src/main/AndroidManifest.xml:6:22-64
uses-permission#android.permission.RECORD_AUDIO
ADDED from src/main/AndroidManifest.xml:7:5-70
	android:name
		ADDED from src/main/AndroidManifest.xml:7:22-68
uses-permission#android.permission.CAMERA
ADDED from src/main/AndroidManifest.xml:8:5-64
	android:name
		ADDED from src/main/AndroidManifest.xml:8:22-62
uses-permission#android.permission.ACCESS_NETWORK_STATE
ADDED from src/main/AndroidManifest.xml:9:5-78
	android:name
		ADDED from src/main/AndroidManifest.xml:9:22-76
uses-permission#android.permission.WRITE_EXTERNAL_STORAGE
ADDED from src/main/AndroidManifest.xml:10:5-80
	android:name
		ADDED from src/main/AndroidManifest.xml:10:22-78
uses-permission#android.permission.MOUNT_UNMOUNT_FILESYSTEMS
ADDED from src/main/AndroidManifest.xml:11:5-83
	android:name
		ADDED from src/main/AndroidManifest.xml:11:22-81
uses-permission#android.permission.ACCESS_FINE_LOCATION
ADDED from src/main/AndroidManifest.xml:12:5-78
	android:name
		ADDED from src/main/AndroidManifest.xml:12:22-76
uses-permission#android.permission.GET_TASKS
ADDED from src/main/AndroidManifest.xml:13:5-67
	android:name
		ADDED from src/main/AndroidManifest.xml:13:22-65
uses-permission#android.permission.ACCESS_WIFI_STATE
ADDED from src/main/AndroidManifest.xml:14:5-75
	android:name
		ADDED from src/main/AndroidManifest.xml:14:22-73
uses-permission#android.permission.CHANGE_WIFI_STATE
ADDED from src/main/AndroidManifest.xml:15:5-75
	android:name
		ADDED from src/main/AndroidManifest.xml:15:22-73
uses-permission#android.permission.WAKE_LOCK
ADDED from src/main/AndroidManifest.xml:16:5-67
	android:name
		ADDED from src/main/AndroidManifest.xml:16:22-65
uses-permission#android.permission.MODIFY_AUDIO_SETTINGS
ADDED from src/main/AndroidManifest.xml:17:5-79
	android:name
		ADDED from src/main/AndroidManifest.xml:17:22-77
uses-permission#android.permission.READ_PHONE_STATE
ADDED from src/main/AndroidManifest.xml:18:5-74
	android:name
		ADDED from src/main/AndroidManifest.xml:18:22-72
uses-permission#android.permission.RECEIVE_BOOT_COMPLETED
ADDED from src/main/AndroidManifest.xml:19:5-80
	android:name
		ADDED from src/main/AndroidManifest.xml:19:22-78
uses-permission#android.permission.GET_ACCOUNTS
ADDED from src/main/AndroidManifest.xml:20:5-70
	android:name
		ADDED from src/main/AndroidManifest.xml:20:22-68
uses-permission#android.permission.USE_CREDENTIALS
ADDED from src/main/AndroidManifest.xml:21:5-73
	android:name
		ADDED from src/main/AndroidManifest.xml:21:22-71
uses-permission#android.permission.MANAGE_ACCOUNTS
ADDED from src/main/AndroidManifest.xml:22:5-73
	android:name
		ADDED from src/main/AndroidManifest.xml:22:22-71
uses-permission#android.permission.AUTHENTICATE_ACCOUNTS
ADDED from src/main/AndroidManifest.xml:23:5-79
	android:name
		ADDED from src/main/AndroidManifest.xml:23:22-77
uses-permission#com.android.launcher.permission.READ_SETTINGS
ADDED from src/main/AndroidManifest.xml:24:5-84
	android:name
		ADDED from src/main/AndroidManifest.xml:24:22-82
uses-permission#android.permission.BROADCAST_STICKY
ADDED from src/main/AndroidManifest.xml:25:5-74
	android:name
		ADDED from src/main/AndroidManifest.xml:25:22-72
uses-permission#android.permission.WRITE_SETTINGS
ADDED from src/main/AndroidManifest.xml:26:5-72
	android:name
		ADDED from src/main/AndroidManifest.xml:26:22-70
uses-permission#android.permission.RESTART_PACKAGES
ADDED from src/main/AndroidManifest.xml:28:5-74
	android:name
		ADDED from src/main/AndroidManifest.xml:28:22-72
uses-permission#android.permission.RECEIVE_USER_PRESENT
ADDED from src/main/AndroidManifest.xml:29:5-78
	android:name
		ADDED from src/main/AndroidManifest.xml:29:22-76
uses-permission#android.permission.KILL_BACKGROUND_PROCESSES
ADDED from src/main/AndroidManifest.xml:30:5-83
	android:name
		ADDED from src/main/AndroidManifest.xml:30:22-81
uses-permission#android.permission.READ_LOGS
ADDED from src/main/AndroidManifest.xml:31:5-67
	android:name
		ADDED from src/main/AndroidManifest.xml:31:22-65
uses-permission#android.permission.READ_SMS
ADDED from src/main/AndroidManifest.xml:33:5-66
	android:name
		ADDED from src/main/AndroidManifest.xml:33:22-64
uses-permission#android.permission.RECEIVE_SMS
ADDED from src/main/AndroidManifest.xml:35:5-69
	android:name
		ADDED from src/main/AndroidManifest.xml:35:22-67
uses-permission#com.google.android.c2dm.permission.RECEIVE
ADDED from src/main/AndroidManifest.xml:36:5-81
	android:name
		ADDED from src/main/AndroidManifest.xml:36:22-79
uses-permission#android.permission.READ_CONTACTS
ADDED from src/main/AndroidManifest.xml:38:5-71
	android:name
		ADDED from src/main/AndroidManifest.xml:38:22-69
uses-permission#android.permission.CALL_PHONE
ADDED from src/main/AndroidManifest.xml:40:5-68
	android:name
		ADDED from src/main/AndroidManifest.xml:40:22-66
uses-permission#android.permission.ACCESS_COARSE_LOCATION
ADDED from src/main/AndroidManifest.xml:42:5-80
	android:name
		ADDED from src/main/AndroidManifest.xml:42:22-78
permission#com.art.artcircle.permission.C2D_MESSAGE
ADDED from src/main/AndroidManifest.xml:45:5-47:46
	android:protectionLevel
		ADDED from src/main/AndroidManifest.xml:47:9-44
	android:name
		ADDED from src/main/AndroidManifest.xml:46:9-64
uses-permission#com.art.artcircle.permission.C2D_MESSAGE
ADDED from src/main/AndroidManifest.xml:49:5-79
	android:name
		ADDED from src/main/AndroidManifest.xml:49:22-77
uses-feature#android.hardware.camera
ADDED from src/main/AndroidManifest.xml:51:5-59
	android:name
		ADDED from src/main/AndroidManifest.xml:51:19-57
uses-feature#android.hardware.camera.autofocus
ADDED from src/main/AndroidManifest.xml:52:5-69
	android:name
		ADDED from src/main/AndroidManifest.xml:52:19-67
application
ADDED from src/main/AndroidManifest.xml:54:5-737:19
MERGED from [ArtCircle:SwipyRefreshLayoutLib:unspecified] AndroidManifest.xml:11:5-12:19
MERGED from [com.android.support:appcompat-v7:23.1.0] AndroidManifest.xml:22:5-20
MERGED from [com.android.support:support-v4:23.1.0] AndroidManifest.xml:22:5-20
MERGED from [me.imid.swipebacklayout.lib:library:1.0.0] AndroidManifest.xml:11:5-20
MERGED from [com.lsjwzh:materialloadingprogressbar:0.5.6-RELEASE] AndroidManifest.xml:11:5-12:19
	android:label
		ADDED from src/main/AndroidManifest.xml:58:9-41
	android:allowBackup
		ADDED from src/main/AndroidManifest.xml:56:9-35
	android:icon
		ADDED from src/main/AndroidManifest.xml:57:9-36
	android:theme
		ADDED from src/main/AndroidManifest.xml:59:9-46
	android:name
		ADDED from src/main/AndroidManifest.xml:55:9-52
activity#com.art.artcircle.activity.MainActivity
ADDED from src/main/AndroidManifest.xml:60:9-64:54
	android:screenOrientation
		ADDED from src/main/AndroidManifest.xml:63:13-49
	android:launchMode
		ADDED from src/main/AndroidManifest.xml:62:13-44
	android:windowSoftInputMode
		ADDED from src/main/AndroidManifest.xml:64:13-52
	android:name
		ADDED from src/main/AndroidManifest.xml:61:13-50
activity#com.art.artcircle.activity.SplashActivity
ADDED from src/main/AndroidManifest.xml:67:9-76:20
	android:screenOrientation
		ADDED from src/main/AndroidManifest.xml:70:13-49
	android:launchMode
		ADDED from src/main/AndroidManifest.xml:69:13-43
	android:name
		ADDED from src/main/AndroidManifest.xml:68:13-52
intent-filter#android.intent.action.MAIN+android.intent.category.LAUNCHER
ADDED from src/main/AndroidManifest.xml:71:13-75:29
action#android.intent.action.MAIN
ADDED from src/main/AndroidManifest.xml:72:17-68
	android:name
		ADDED from src/main/AndroidManifest.xml:72:25-66
category#android.intent.category.LAUNCHER
ADDED from src/main/AndroidManifest.xml:74:17-76
	android:name
		ADDED from src/main/AndroidManifest.xml:74:27-74
activity#com.art.artcircle.activity.LoginActivity
ADDED from src/main/AndroidManifest.xml:79:9-83:67
	android:screenOrientation
		ADDED from src/main/AndroidManifest.xml:82:13-49
	android:launchMode
		ADDED from src/main/AndroidManifest.xml:81:13-44
	android:windowSoftInputMode
		ADDED from src/main/AndroidManifest.xml:83:13-65
	android:name
		ADDED from src/main/AndroidManifest.xml:80:13-51
activity#com.art.artcircle.activity.UserDynamicListActivity
ADDED from src/main/AndroidManifest.xml:87:9-91:57
	android:screenOrientation
		ADDED from src/main/AndroidManifest.xml:90:13-49
	android:launchMode
		ADDED from src/main/AndroidManifest.xml:89:13-43
	android:windowSoftInputMode
		ADDED from src/main/AndroidManifest.xml:91:13-55
	android:name
		ADDED from src/main/AndroidManifest.xml:88:13-61
activity#com.art.artcircle.activity.ChatActivity
ADDED from src/main/AndroidManifest.xml:93:9-97:57
	android:screenOrientation
		ADDED from src/main/AndroidManifest.xml:96:13-49
	android:launchMode
		ADDED from src/main/AndroidManifest.xml:95:13-43
	android:windowSoftInputMode
		ADDED from src/main/AndroidManifest.xml:97:13-55
	android:name
		ADDED from src/main/AndroidManifest.xml:94:13-50
activity#com.art.artcircle.activity.AddContactActivity
ADDED from src/main/AndroidManifest.xml:99:9-103:57
	android:screenOrientation
		ADDED from src/main/AndroidManifest.xml:102:13-49
	android:launchMode
		ADDED from src/main/AndroidManifest.xml:101:13-43
	android:windowSoftInputMode
		ADDED from src/main/AndroidManifest.xml:103:13-55
	android:name
		ADDED from src/main/AndroidManifest.xml:100:13-56
activity#com.art.artcircle.activity.GroupDetailsActivity
ADDED from src/main/AndroidManifest.xml:105:9-108:51
	android:screenOrientation
		ADDED from src/main/AndroidManifest.xml:108:13-49
	android:launchMode
		ADDED from src/main/AndroidManifest.xml:107:13-43
	android:name
		ADDED from src/main/AndroidManifest.xml:106:13-58
activity#com.art.artcircle.activity.GroupsActivity
ADDED from src/main/AndroidManifest.xml:110:9-114:54
	android:screenOrientation
		ADDED from src/main/AndroidManifest.xml:113:13-49
	android:launchMode
		ADDED from src/main/AndroidManifest.xml:112:13-43
	android:windowSoftInputMode
		ADDED from src/main/AndroidManifest.xml:114:13-52
	android:name
		ADDED from src/main/AndroidManifest.xml:111:13-52
activity#com.art.artcircle.activity.ChatRoomActivity
ADDED from src/main/AndroidManifest.xml:115:9-119:54
	android:screenOrientation
		ADDED from src/main/AndroidManifest.xml:118:13-49
	android:launchMode
		ADDED from src/main/AndroidManifest.xml:117:13-43
	android:windowSoftInputMode
		ADDED from src/main/AndroidManifest.xml:119:13-52
	android:name
		ADDED from src/main/AndroidManifest.xml:116:13-54
activity#com.art.artcircle.activity.ChatRoomDetailsActivity
ADDED from src/main/AndroidManifest.xml:121:9-124:51
	android:screenOrientation
		ADDED from src/main/AndroidManifest.xml:124:13-49
	android:launchMode
		ADDED from src/main/AndroidManifest.xml:123:13-43
	android:name
		ADDED from src/main/AndroidManifest.xml:122:13-61
activity#com.art.artcircle.activity.NewGroupActivity
ADDED from src/main/AndroidManifest.xml:127:9-131:54
	android:screenOrientation
		ADDED from src/main/AndroidManifest.xml:130:13-49
	android:launchMode
		ADDED from src/main/AndroidManifest.xml:129:13-43
	android:windowSoftInputMode
		ADDED from src/main/AndroidManifest.xml:131:13-52
	android:name
		ADDED from src/main/AndroidManifest.xml:128:13-54
activity#com.art.artcircle.activity.ExitGroupDialog
ADDED from src/main/AndroidManifest.xml:133:9-137:57
	android:screenOrientation
		ADDED from src/main/AndroidManifest.xml:136:13-49
	android:launchMode
		ADDED from src/main/AndroidManifest.xml:135:13-43
	android:theme
		ADDED from src/main/AndroidManifest.xml:137:13-55
	android:name
		ADDED from src/main/AndroidManifest.xml:134:13-53
activity#com.art.artcircle.activity.GroupPickContactsActivity
ADDED from src/main/AndroidManifest.xml:139:9-143:54
	android:screenOrientation
		ADDED from src/main/AndroidManifest.xml:142:13-49
	android:launchMode
		ADDED from src/main/AndroidManifest.xml:141:13-43
	android:windowSoftInputMode
		ADDED from src/main/AndroidManifest.xml:143:13-52
	android:name
		ADDED from src/main/AndroidManifest.xml:140:13-63
activity#com.art.artcircle.activity.BaiduMapActivity
ADDED from src/main/AndroidManifest.xml:145:9-148:51
	android:screenOrientation
		ADDED from src/main/AndroidManifest.xml:148:13-49
	android:launchMode
		ADDED from src/main/AndroidManifest.xml:147:13-43
	android:name
		ADDED from src/main/AndroidManifest.xml:146:13-54
activity#com.art.artcircle.activity.NewFriendsMsgActivity
ADDED from src/main/AndroidManifest.xml:151:9-154:51
	android:screenOrientation
		ADDED from src/main/AndroidManifest.xml:154:13-49
	android:launchMode
		ADDED from src/main/AndroidManifest.xml:153:13-43
	android:name
		ADDED from src/main/AndroidManifest.xml:152:13-59
activity#com.art.artcircle.activity.ForwardMessageActivity
ADDED from src/main/AndroidManifest.xml:156:9-160:54
	android:screenOrientation
		ADDED from src/main/AndroidManifest.xml:159:13-49
	android:launchMode
		ADDED from src/main/AndroidManifest.xml:158:13-43
	android:windowSoftInputMode
		ADDED from src/main/AndroidManifest.xml:160:13-52
	android:name
		ADDED from src/main/AndroidManifest.xml:157:13-60
activity#com.art.artcircle.activity.ShowBigImage
ADDED from src/main/AndroidManifest.xml:174:9-177:51
	android:screenOrientation
		ADDED from src/main/AndroidManifest.xml:177:13-49
	android:launchMode
		ADDED from src/main/AndroidManifest.xml:176:13-43
	android:name
		ADDED from src/main/AndroidManifest.xml:175:13-50
activity#com.art.artcircle.activity.ShowNormalFileActivity
ADDED from src/main/AndroidManifest.xml:179:9-182:51
	android:screenOrientation
		ADDED from src/main/AndroidManifest.xml:182:13-49
	android:launchMode
		ADDED from src/main/AndroidManifest.xml:181:13-43
	android:name
		ADDED from src/main/AndroidManifest.xml:180:13-60
activity#com.art.artcircle.activity.BlacklistActivity
ADDED from src/main/AndroidManifest.xml:184:9-187:51
	android:screenOrientation
		ADDED from src/main/AndroidManifest.xml:187:13-49
	android:launchMode
		ADDED from src/main/AndroidManifest.xml:186:13-43
	android:name
		ADDED from src/main/AndroidManifest.xml:185:13-55
activity#com.art.artcircle.activity.PublicGroupsActivity
ADDED from src/main/AndroidManifest.xml:190:9-194:54
	android:screenOrientation
		ADDED from src/main/AndroidManifest.xml:193:13-49
	android:launchMode
		ADDED from src/main/AndroidManifest.xml:192:13-43
	android:windowSoftInputMode
		ADDED from src/main/AndroidManifest.xml:194:13-52
	android:name
		ADDED from src/main/AndroidManifest.xml:191:13-58
activity#com.art.artcircle.activity.PublicChatRoomsActivity
ADDED from src/main/AndroidManifest.xml:195:9-199:54
	android:screenOrientation
		ADDED from src/main/AndroidManifest.xml:198:13-49
	android:launchMode
		ADDED from src/main/AndroidManifest.xml:197:13-43
	android:windowSoftInputMode
		ADDED from src/main/AndroidManifest.xml:199:13-52
	android:name
		ADDED from src/main/AndroidManifest.xml:196:13-61
activity#com.art.artcircle.activity.VoiceCallActivity
ADDED from src/main/AndroidManifest.xml:202:9-205:51
	android:screenOrientation
		ADDED from src/main/AndroidManifest.xml:205:13-49
	android:launchMode
		ADDED from src/main/AndroidManifest.xml:204:13-44
	android:name
		ADDED from src/main/AndroidManifest.xml:203:13-55
activity#com.art.artcircle.activity.VideoCallActivity
ADDED from src/main/AndroidManifest.xml:207:9-211:51
	android:screenOrientation
		ADDED from src/main/AndroidManifest.xml:211:13-49
	android:launchMode
		ADDED from src/main/AndroidManifest.xml:210:13-44
	android:configChanges
		ADDED from src/main/AndroidManifest.xml:209:13-74
	android:name
		ADDED from src/main/AndroidManifest.xml:208:13-55
activity#com.art.artcircle.activity.GroupSimpleDetailActivity
ADDED from src/main/AndroidManifest.xml:213:9-216:51
	android:screenOrientation
		ADDED from src/main/AndroidManifest.xml:216:13-49
	android:launchMode
		ADDED from src/main/AndroidManifest.xml:215:13-43
	android:name
		ADDED from src/main/AndroidManifest.xml:214:13-63
activity#com.art.artcircle.activity.GroupBlacklistActivity
ADDED from src/main/AndroidManifest.xml:218:9-221:51
	android:screenOrientation
		ADDED from src/main/AndroidManifest.xml:221:13-49
	android:launchMode
		ADDED from src/main/AndroidManifest.xml:220:13-43
	android:name
		ADDED from src/main/AndroidManifest.xml:219:13-60
activity#com.art.artcircle.activity.PublicGroupsSeachActivity
ADDED from src/main/AndroidManifest.xml:222:9-225:51
	android:screenOrientation
		ADDED from src/main/AndroidManifest.xml:225:13-49
	android:launchMode
		ADDED from src/main/AndroidManifest.xml:224:13-43
	android:name
		ADDED from src/main/AndroidManifest.xml:223:13-63
activity#com.art.artcircle.activity.EditActivity
ADDED from src/main/AndroidManifest.xml:226:9-230:57
	android:screenOrientation
		ADDED from src/main/AndroidManifest.xml:229:13-49
	android:launchMode
		ADDED from src/main/AndroidManifest.xml:228:13-43
	android:windowSoftInputMode
		ADDED from src/main/AndroidManifest.xml:230:13-55
	android:name
		ADDED from src/main/AndroidManifest.xml:227:13-50
activity#com.art.artcircle.activity.ShowVideoActivity
ADDED from src/main/AndroidManifest.xml:231:9-236:62
	android:screenOrientation
		ADDED from src/main/AndroidManifest.xml:234:13-49
	android:launchMode
		ADDED from src/main/AndroidManifest.xml:233:13-43
	android:windowSoftInputMode
		ADDED from src/main/AndroidManifest.xml:236:13-60
	android:theme
		ADDED from src/main/AndroidManifest.xml:235:13-71
	android:name
		ADDED from src/main/AndroidManifest.xml:232:13-55
activity#com.art.artcircle.activity.ImageGridActivity
ADDED from src/main/AndroidManifest.xml:238:9-242:62
	android:screenOrientation
		ADDED from src/main/AndroidManifest.xml:241:13-49
	android:launchMode
		ADDED from src/main/AndroidManifest.xml:240:13-43
	android:windowSoftInputMode
		ADDED from src/main/AndroidManifest.xml:242:13-60
	android:name
		ADDED from src/main/AndroidManifest.xml:239:13-55
activity#com.art.artcircle.activity.RecorderVideoActivity
ADDED from src/main/AndroidManifest.xml:243:9-248:62
	android:screenOrientation
		ADDED from src/main/AndroidManifest.xml:246:13-49
	android:launchMode
		ADDED from src/main/AndroidManifest.xml:245:13-43
	android:windowSoftInputMode
		ADDED from src/main/AndroidManifest.xml:248:13-60
	android:theme
		ADDED from src/main/AndroidManifest.xml:247:13-71
	android:name
		ADDED from src/main/AndroidManifest.xml:244:13-59
activity#com.art.artcircle.activity.DiagnoseActivity
ADDED from src/main/AndroidManifest.xml:250:9-254:62
	android:screenOrientation
		ADDED from src/main/AndroidManifest.xml:253:13-49
	android:launchMode
		ADDED from src/main/AndroidManifest.xml:252:13-43
	android:windowSoftInputMode
		ADDED from src/main/AndroidManifest.xml:254:13-60
	android:name
		ADDED from src/main/AndroidManifest.xml:251:13-54
activity#com.art.artcircle.activity.OfflinePushNickActivity
ADDED from src/main/AndroidManifest.xml:257:9-261:62
	android:screenOrientation
		ADDED from src/main/AndroidManifest.xml:260:13-49
	android:launchMode
		ADDED from src/main/AndroidManifest.xml:259:13-43
	android:windowSoftInputMode
		ADDED from src/main/AndroidManifest.xml:261:13-60
	android:name
		ADDED from src/main/AndroidManifest.xml:258:13-61
activity#com.art.artcircle.activity.RobotsActivity
ADDED from src/main/AndroidManifest.xml:263:9-267:62
	android:screenOrientation
		ADDED from src/main/AndroidManifest.xml:266:13-49
	android:launchMode
		ADDED from src/main/AndroidManifest.xml:265:13-43
	android:windowSoftInputMode
		ADDED from src/main/AndroidManifest.xml:267:13-60
	android:name
		ADDED from src/main/AndroidManifest.xml:264:13-52
activity#com.art.artcircle.activity.UserProfileActivity
ADDED from src/main/AndroidManifest.xml:269:9-272:51
	android:screenOrientation
		ADDED from src/main/AndroidManifest.xml:272:13-49
	android:launchMode
		ADDED from src/main/AndroidManifest.xml:271:13-43
	android:name
		ADDED from src/main/AndroidManifest.xml:270:13-57
activity#com.art.artcircle.activity.RegisterActivity
ADDED from src/main/AndroidManifest.xml:274:9-278:67
	android:screenOrientation
		ADDED from src/main/AndroidManifest.xml:277:13-49
	android:launchMode
		ADDED from src/main/AndroidManifest.xml:276:13-44
	android:windowSoftInputMode
		ADDED from src/main/AndroidManifest.xml:278:13-65
	android:name
		ADDED from src/main/AndroidManifest.xml:275:13-54
activity#com.art.artcircle.activity.DynamicDetailActivity
ADDED from src/main/AndroidManifest.xml:280:9-284:57
	android:screenOrientation
		ADDED from src/main/AndroidManifest.xml:283:13-49
	android:launchMode
		ADDED from src/main/AndroidManifest.xml:282:13-43
	android:windowSoftInputMode
		ADDED from src/main/AndroidManifest.xml:284:13-55
	android:name
		ADDED from src/main/AndroidManifest.xml:281:13-59
activity#com.art.artcircle.activity.PublishDynamicActivity
ADDED from src/main/AndroidManifest.xml:285:9-289:53
	android:screenOrientation
		ADDED from src/main/AndroidManifest.xml:288:13-49
	android:launchMode
		ADDED from src/main/AndroidManifest.xml:287:13-43
	android:theme
		ADDED from src/main/AndroidManifest.xml:289:13-51
	android:name
		ADDED from src/main/AndroidManifest.xml:286:13-60
activity#com.art.artcircle.activity.PhotosPickActivity
ADDED from src/main/AndroidManifest.xml:290:9-293:51
	android:screenOrientation
		ADDED from src/main/AndroidManifest.xml:293:13-49
	android:launchMode
		ADDED from src/main/AndroidManifest.xml:292:13-43
	android:name
		ADDED from src/main/AndroidManifest.xml:291:13-56
activity#com.art.artcircle.activity.SIMContactActivity
ADDED from src/main/AndroidManifest.xml:294:9-297:51
	android:screenOrientation
		ADDED from src/main/AndroidManifest.xml:297:13-49
	android:launchMode
		ADDED from src/main/AndroidManifest.xml:296:13-43
	android:name
		ADDED from src/main/AndroidManifest.xml:295:13-56
activity#com.art.artcircle.activity.UpdateUserContactActivity
ADDED from src/main/AndroidManifest.xml:298:9-301:51
	android:screenOrientation
		ADDED from src/main/AndroidManifest.xml:301:13-49
	android:launchMode
		ADDED from src/main/AndroidManifest.xml:300:13-43
	android:name
		ADDED from src/main/AndroidManifest.xml:299:13-63
activity#com.art.artcircle.activity.ContactDetailActivity
ADDED from src/main/AndroidManifest.xml:302:9-305:51
	android:screenOrientation
		ADDED from src/main/AndroidManifest.xml:305:13-49
	android:launchMode
		ADDED from src/main/AndroidManifest.xml:304:13-43
	android:name
		ADDED from src/main/AndroidManifest.xml:303:13-59
activity#com.art.artcircle.activity.BusinessCardInfoActivity
ADDED from src/main/AndroidManifest.xml:306:9-309:51
	android:screenOrientation
		ADDED from src/main/AndroidManifest.xml:309:13-49
	android:launchMode
		ADDED from src/main/AndroidManifest.xml:308:13-43
	android:name
		ADDED from src/main/AndroidManifest.xml:307:13-62
activity#com.art.artcircle.activity.PersonalInfoActivity
ADDED from src/main/AndroidManifest.xml:310:9-313:51
	android:screenOrientation
		ADDED from src/main/AndroidManifest.xml:313:13-49
	android:launchMode
		ADDED from src/main/AndroidManifest.xml:312:13-44
	android:name
		ADDED from src/main/AndroidManifest.xml:311:13-58
activity#com.art.artcircle.activity.ChooseCareerActivity
ADDED from src/main/AndroidManifest.xml:314:9-317:51
	android:screenOrientation
		ADDED from src/main/AndroidManifest.xml:317:13-49
	android:launchMode
		ADDED from src/main/AndroidManifest.xml:316:13-43
	android:name
		ADDED from src/main/AndroidManifest.xml:315:13-58
activity#com.art.artcircle.activity.WorkExperienceActivity
ADDED from src/main/AndroidManifest.xml:318:9-321:51
	android:screenOrientation
		ADDED from src/main/AndroidManifest.xml:321:13-49
	android:launchMode
		ADDED from src/main/AndroidManifest.xml:320:13-43
	android:name
		ADDED from src/main/AndroidManifest.xml:319:13-60
activity#com.art.artcircle.activity.EditWorkExperienceActivity
ADDED from src/main/AndroidManifest.xml:322:9-326:70
	android:screenOrientation
		ADDED from src/main/AndroidManifest.xml:325:13-49
	android:launchMode
		ADDED from src/main/AndroidManifest.xml:324:13-43
	android:windowSoftInputMode
		ADDED from src/main/AndroidManifest.xml:326:13-68
	android:name
		ADDED from src/main/AndroidManifest.xml:323:13-64
activity#com.art.artcircle.activity.EducationExperienceActivity
ADDED from src/main/AndroidManifest.xml:327:9-330:51
	android:screenOrientation
		ADDED from src/main/AndroidManifest.xml:330:13-49
	android:launchMode
		ADDED from src/main/AndroidManifest.xml:329:13-43
	android:name
		ADDED from src/main/AndroidManifest.xml:328:13-65
activity#com.art.artcircle.activity.EditEducationExperienceActivity
ADDED from src/main/AndroidManifest.xml:331:9-335:70
	android:screenOrientation
		ADDED from src/main/AndroidManifest.xml:334:13-49
	android:launchMode
		ADDED from src/main/AndroidManifest.xml:333:13-43
	android:windowSoftInputMode
		ADDED from src/main/AndroidManifest.xml:335:13-68
	android:name
		ADDED from src/main/AndroidManifest.xml:332:13-69
activity#com.art.artcircle.activity.ChooseMajorActivity
ADDED from src/main/AndroidManifest.xml:336:9-339:51
	android:screenOrientation
		ADDED from src/main/AndroidManifest.xml:339:13-49
	android:launchMode
		ADDED from src/main/AndroidManifest.xml:338:13-43
	android:name
		ADDED from src/main/AndroidManifest.xml:337:13-57
activity#com.art.artcircle.activity.AlbumManagementActivity
ADDED from src/main/AndroidManifest.xml:340:9-343:51
	android:screenOrientation
		ADDED from src/main/AndroidManifest.xml:343:13-49
	android:launchMode
		ADDED from src/main/AndroidManifest.xml:342:13-43
	android:name
		ADDED from src/main/AndroidManifest.xml:341:13-61
activity#com.art.artcircle.activity.PhotoGalleryActivity
ADDED from src/main/AndroidManifest.xml:344:9-347:51
	android:screenOrientation
		ADDED from src/main/AndroidManifest.xml:347:13-49
	android:launchMode
		ADDED from src/main/AndroidManifest.xml:346:13-43
	android:name
		ADDED from src/main/AndroidManifest.xml:345:13-58
activity#com.art.artcircle.activity.PersonLabelActivity
ADDED from src/main/AndroidManifest.xml:348:9-351:51
	android:screenOrientation
		ADDED from src/main/AndroidManifest.xml:351:13-49
	android:launchMode
		ADDED from src/main/AndroidManifest.xml:350:13-43
	android:name
		ADDED from src/main/AndroidManifest.xml:349:13-57
activity#com.art.artcircle.activity.InfluenceRankActivity
ADDED from src/main/AndroidManifest.xml:352:9-355:51
	android:screenOrientation
		ADDED from src/main/AndroidManifest.xml:355:13-49
	android:launchMode
		ADDED from src/main/AndroidManifest.xml:354:13-43
	android:name
		ADDED from src/main/AndroidManifest.xml:353:13-59
activity#com.art.artcircle.activity.PainterCircleActivity
ADDED from src/main/AndroidManifest.xml:356:9-359:51
	android:screenOrientation
		ADDED from src/main/AndroidManifest.xml:359:13-49
	android:launchMode
		ADDED from src/main/AndroidManifest.xml:358:13-43
	android:name
		ADDED from src/main/AndroidManifest.xml:357:13-59
activity#com.art.artcircle.activity.CertificationInviteActivity
ADDED from src/main/AndroidManifest.xml:360:9-363:51
	android:screenOrientation
		ADDED from src/main/AndroidManifest.xml:363:13-49
	android:launchMode
		ADDED from src/main/AndroidManifest.xml:362:13-43
	android:name
		ADDED from src/main/AndroidManifest.xml:361:13-65
activity#com.art.artcircle.activity.WhyCertificationInviteActivity
ADDED from src/main/AndroidManifest.xml:364:9-367:51
	android:screenOrientation
		ADDED from src/main/AndroidManifest.xml:367:13-49
	android:launchMode
		ADDED from src/main/AndroidManifest.xml:366:13-43
	android:name
		ADDED from src/main/AndroidManifest.xml:365:13-68
activity#com.art.artcircle.activity.FansListActivity
ADDED from src/main/AndroidManifest.xml:368:9-371:51
	android:screenOrientation
		ADDED from src/main/AndroidManifest.xml:371:13-49
	android:launchMode
		ADDED from src/main/AndroidManifest.xml:370:13-43
	android:name
		ADDED from src/main/AndroidManifest.xml:369:13-54
activity#com.art.artcircle.activity.MoreFansActivity
ADDED from src/main/AndroidManifest.xml:372:9-375:51
	android:screenOrientation
		ADDED from src/main/AndroidManifest.xml:375:13-49
	android:launchMode
		ADDED from src/main/AndroidManifest.xml:374:13-43
	android:name
		ADDED from src/main/AndroidManifest.xml:373:13-54
activity#com.art.artcircle.activity.SettingActivity
ADDED from src/main/AndroidManifest.xml:376:9-379:51
	android:screenOrientation
		ADDED from src/main/AndroidManifest.xml:379:13-49
	android:launchMode
		ADDED from src/main/AndroidManifest.xml:378:13-43
	android:name
		ADDED from src/main/AndroidManifest.xml:377:13-53
activity#com.art.artcircle.activity.EditPassWordActivity
ADDED from src/main/AndroidManifest.xml:380:9-384:70
	android:screenOrientation
		ADDED from src/main/AndroidManifest.xml:383:13-49
	android:launchMode
		ADDED from src/main/AndroidManifest.xml:382:13-43
	android:windowSoftInputMode
		ADDED from src/main/AndroidManifest.xml:384:13-68
	android:name
		ADDED from src/main/AndroidManifest.xml:381:13-58
activity#com.art.artcircle.activity.AccountInfoActivity
ADDED from src/main/AndroidManifest.xml:385:9-388:51
	android:screenOrientation
		ADDED from src/main/AndroidManifest.xml:388:13-49
	android:launchMode
		ADDED from src/main/AndroidManifest.xml:387:13-43
	android:name
		ADDED from src/main/AndroidManifest.xml:386:13-57